<?xml version="1.0" encoding="UTF-8"?>
<!-- Generated by org.testng.reporters.JUnitReportReporter -->
<testsuite skipped="0" hostname="DESKTOP-I18QERN" name="com.sgic.lms.qa.test.LoginTest" tests="1" failures="0" timestamp="04 Dec 2018 11:07:19 GMT" time="16.024" errors="0">
  <testcase name="testOrangeHRM" time="16.024" classname="com.sgic.lms.qa.test.LoginTest"/>
</testsuite> <!-- com.sgic.lms.qa.test.LoginTest -->
