<?xml version="1.0" encoding="UTF-8"?>
<!-- Generated by org.testng.reporters.JUnitReportReporter -->
<testsuite skipped="0" hostname="DESKTOP-I18QERN" name="com.sgic.lms.qa.test.LoginTest" tests="1" failures="0" timestamp="30 Nov 2018 10:03:23 GMT" time="15.091" errors="0">
  <testcase name="testOrangeHRM" time="15.091" classname="com.sgic.lms.qa.test.LoginTest"/>
</testsuite> <!-- com.sgic.lms.qa.test.LoginTest -->
